<?xml version="1.0" encoding="UTF-8"?>
<!-- Generated by org.testng.reporters.JUnitReportReporter -->
<testsuite hostname="TYSS-4F-053" failures="0" tests="1" name="autoIT.TestAutoit" time="40.636" errors="0" timestamp="5 Jul 2018 06:18:20 GMT">
  <testcase classname="autoIT.TestAutoit" name="test" time="40.636"/>
</testsuite> <!-- autoIT.TestAutoit -->
